Arguments: 
  /usr/bin/node /usr/share/yarn/bin/yarn.js version

PATH: 
  /home/josh/dev/allhomes-front-end/mytestlerna/node_modules/.bin:/home/josh/.config/yarn/link/node_modules/.bin:/home/josh/dev/allhomes-front-end/mytestlerna/node_modules/.bin:/home/josh/.config/yarn/link/node_modules/.bin:/usr/lib/node_modules/npm/bin/node-gyp-bin:/usr/bin/node_modules/npm/bin/node-gyp-bin:/home/josh/bin:/opt/java/bin:/home/josh/.rvm/gems/ruby-2.3.3/bin:/home/josh/.rvm/gems/ruby-2.3.3@global/bin:/home/josh/.rvm/rubies/ruby-2.3.3/bin:/usr/lib64/qt-3.3/bin:/usr/local/bin:/usr/bin:/bin:/usr/local/sbin:/usr/sbin:/sbin:/home/josh/.rvm/bin:/opt/eclipse:/home/josh/.rvm/bin

Yarn version: 
  0.27.5

Node version: 
  6.11.3

Platform: 
  linux x64

npm manifest: 
  {
    "name": "japackagetwo",
    "version": "0.0.6",
    "description": "no-op test",
    "main": "index.js",
    "author": "",
    "license": "ISC"
  }

yarn manifest: 
  No manifest

Lockfile: 
  No lockfile

Trace: 
  Error: Can't answer a question unless a user TTY
      at ConsoleReporter.question (/usr/share/yarn/lib/yarn-cli.js:81327:59)
      at /usr/share/yarn/lib/yarn-cli.js:55973:35
      at next (native)
      at step (/usr/share/yarn/lib/yarn-cli.js:91:30)
      at /usr/share/yarn/lib/yarn-cli.js:102:13
