Arguments: 
  /usr/bin/node /usr/share/yarn/bin/yarn.js run publish:mono

PATH: 
  /home/josh/bin:/opt/java/bin:/home/josh/.rvm/gems/ruby-2.3.3/bin:/home/josh/.rvm/gems/ruby-2.3.3@global/bin:/home/josh/.rvm/rubies/ruby-2.3.3/bin:/usr/lib64/qt-3.3/bin:/usr/local/bin:/usr/bin:/bin:/usr/local/sbin:/usr/sbin:/sbin:/home/josh/.rvm/bin:/opt/eclipse:/home/josh/.rvm/bin

Yarn version: 
  0.27.5

Node version: 
  6.11.3

Platform: 
  linux x64

npm manifest: 
  {
    "scripts": {
      "publish:mono": "./scripts/publish-cli.js",
    },
    "devDependencies": {
      "lerna": "^2.5.1"
    }
  }

yarn manifest: 
  No manifest

Lockfile: 
  No lockfile

Trace: 
  SyntaxError: /home/josh/dev/allhomes-front-end/mytestlerna/package.json: Unexpected token } in JSON at position 67
      at Object.parse (native)
      at /usr/share/yarn/lib/yarn-cli.js:747:57
      at next (native)
      at step (/usr/share/yarn/lib/yarn-cli.js:91:30)
      at /usr/share/yarn/lib/yarn-cli.js:102:13
